c:\users\prile\source\repos\proyec2\debug\proyec2.pch
c:\users\prile\source\repos\proyec2\debug\vc142.pdb
c:\users\prile\source\repos\proyec2\debug\pch.obj
c:\users\prile\source\repos\proyec2\debug\form1.obj
c:\users\prile\source\repos\proyec2\debug\cppclr_winformsprojekt.obj
c:\users\prile\source\repos\proyec2\debug\assemblyinfo.obj
c:\users\prile\source\repos\proyec2\debug\.netframework,version=v4.7.2.assemblyattributes.obj
c:\users\prile\source\repos\proyec2\debug\proyec2.exe
c:\users\prile\source\repos\proyec2\debug\proyec2.pdb
c:\users\prile\source\repos\proyec2\debug\proyec2.form1.resources
c:\users\prile\source\repos\proyec2\debug\app.res
c:\users\prile\source\repos\proyec2\debug\proyec2.exe.metagen
c:\users\prile\source\repos\proyec2\debug\proyec2.tlog\cl.command.1.tlog
c:\users\prile\source\repos\proyec2\debug\proyec2.tlog\cl.read.1.tlog
c:\users\prile\source\repos\proyec2\debug\proyec2.tlog\cl.write.1.tlog
c:\users\prile\source\repos\proyec2\debug\proyec2.tlog\link.command.1.tlog
c:\users\prile\source\repos\proyec2\debug\proyec2.tlog\link.read.1.tlog
c:\users\prile\source\repos\proyec2\debug\proyec2.tlog\link.write.1.tlog
c:\users\prile\source\repos\proyec2\debug\proyec2.tlog\metagen.read.1.tlog
c:\users\prile\source\repos\proyec2\debug\proyec2.tlog\metagen.write.1.tlog
c:\users\prile\source\repos\proyec2\debug\proyec2.tlog\proyec2.write.1u.tlog
c:\users\prile\source\repos\proyec2\debug\proyec2.tlog\rc.command.1.tlog
c:\users\prile\source\repos\proyec2\debug\proyec2.tlog\rc.read.1.tlog
c:\users\prile\source\repos\proyec2\debug\proyec2.tlog\rc.write.1.tlog
